<?xml version="1.0" encoding="UTF-8"?>
<testsuite xmlns:xsi="http://www.w3.org/2001/XMLSchema-instance" xsi:noNamespaceSchemaLocation="https://maven.apache.org/surefire/maven-surefire-plugin/xsd/surefire-test-report-3.0.xsd" version="3.0" name="runners.Runner" time="97.863" tests="7" errors="0" skipped="0" failures="0">
  <properties>
[...]
</properties>
  <testcase name="User can create an account with valid information" classname="Registration" time="14.602">
    <system-out><![CDATA[
@US001 @US001Positive
Scenario: User can create an account with valid information &amp#27;[90m# src/test/resources/features/US_001_Registration.feature:9&amp#27;[0m
  &amp#27;[32mGiven &amp#27;[0m&amp#27;[32muser goes to home page&amp#27;[0m                              &amp#27;[90m# stepdefinitions.RegistrationStepDefinitions.user_goes_to_home_page()&amp#27;[0m
  &amp#27;[32mWhen &amp#27;[0m&amp#27;[32muser clicks the sign up page&amp#27;[0m                         &amp#27;[90m# stepdefinitions.RegistrationStepDefinitions.user_clicks_the_sign_up_page()&amp#27;[0m
  &amp#27;[32mWhen &amp#27;[0m&amp#27;[32menter firstname &amp#27;[0m&amp#27;[32m&amp#27;[1m"John"&amp#27;[0m                               &amp#27;[90m# stepdefinitions.RegistrationStepDefinitions.enter_firstname(java.lang.String)&amp#27;[0m
  &amp#27;[32mAnd &amp#27;[0m&amp#27;[32menter lastname &amp#27;[0m&amp#27;[32m&amp#27;[1m"Doe"&amp#27;[0m                                  &amp#27;[90m# stepdefinitions.RegistrationStepDefinitions.enter_lastname(java.lang.String)&amp#27;[0m
  &amp#27;[32mAnd &amp#27;[0m&amp#27;[32menter email &amp#27;[0m&amp#27;[32m&amp#27;[1m"Faker"&amp#27;[0m                                   &amp#27;[90m# stepdefinitions.RegistrationStepDefinitions.enter_email(java.lang.String)&amp#27;[0m
  &amp#27;[32mAnd &amp#27;[0m&amp#27;[32menter password &amp#27;[0m&amp#27;[32m&amp#27;[1m"Pass_123"&amp#27;[0m                             &amp#27;[90m# stepdefinitions.RegistrationStepDefinitions.enter_password(java.lang.String)&amp#27;[0m
  &amp#27;[32mAnd &amp#27;[0m&amp#27;[32menter submit button&amp#27;[0m                                   &amp#27;[90m# stepdefinitions.RegistrationStepDefinitions.enter_submit_button()&amp#27;[0m
  &amp#27;[32mThen &amp#27;[0m&amp#27;[32massert that logout button is displayed&amp#27;[0m               &amp#27;[90m# stepdefinitions.RegistrationStepDefinitions.assertThatLogoutButtonIsDisplayed()&amp#27;[0m
  &amp#27;[32mAnd &amp#27;[0m&amp#27;[32mclose driver&amp#27;[0m                                          &amp#27;[90m# stepdefinitions.RegistrationStepDefinitions.closeDriver()&amp#27;[0m
  &amp#27;[32mAnd &amp#27;[0m&amp#27;[32massert that the user create via API&amp#27;[0m                   &amp#27;[90m# stepdefinitions.APIStepDefinitions.assert_that_the_user_create_via_api()&amp#27;[0m
]]></system-out>
    <system-err><![CDATA[Apr 24, 2025 5:10:59 AM org.openqa.selenium.devtools.CdpVersionFinder findNearestMatch
WARNING: Unable to find an exact match for CDP version 135, returning the closest version; found: 133; Please update to a Selenium version that supports CDP version 135
]]></system-err>
  </testcase>
  <testcase name="User cannot create account if firstname is empty" classname="Registration" time="7.464">
    <system-out><![CDATA[
@US001 @US001EmptyFirstname
Scenario: User cannot create account if firstname is empty &amp#27;[90m# src/test/resources/features/US_001_Registration.feature:20&amp#27;[0m
  &amp#27;[32mGiven &amp#27;[0m&amp#27;[32muser goes to home page&amp#27;[0m                             &amp#27;[90m# stepdefinitions.RegistrationStepDefinitions.user_goes_to_home_page()&amp#27;[0m
  &amp#27;[32mWhen &amp#27;[0m&amp#27;[32muser clicks the sign up page&amp#27;[0m                        &amp#27;[90m# stepdefinitions.RegistrationStepDefinitions.user_clicks_the_sign_up_page()&amp#27;[0m
  &amp#27;[32mWhen &amp#27;[0m&amp#27;[32menter firstname &amp#27;[0m&amp#27;[32m&amp#27;[1m""&amp#27;[0m                                  &amp#27;[90m# stepdefinitions.RegistrationStepDefinitions.enter_firstname(java.lang.String)&amp#27;[0m
  &amp#27;[32mAnd &amp#27;[0m&amp#27;[32menter lastname &amp#27;[0m&amp#27;[32m&amp#27;[1m"Doe"&amp#27;[0m                                 &amp#27;[90m# stepdefinitions.RegistrationStepDefinitions.enter_lastname(java.lang.String)&amp#27;[0m
  &amp#27;[32mAnd &amp#27;[0m&amp#27;[32menter email &amp#27;[0m&amp#27;[32m&amp#27;[1m"Faker"&amp#27;[0m                                  &amp#27;[90m# stepdefinitions.RegistrationStepDefinitions.enter_email(java.lang.String)&amp#27;[0m
  &amp#27;[32mAnd &amp#27;[0m&amp#27;[32menter password &amp#27;[0m&amp#27;[32m&amp#27;[1m"Pass_123!"&amp#27;[0m                           &amp#27;[90m# stepdefinitions.RegistrationStepDefinitions.enter_password(java.lang.String)&amp#27;[0m
  &amp#27;[32mAnd &amp#27;[0m&amp#27;[32menter submit button&amp#27;[0m                                  &amp#27;[90m# stepdefinitions.RegistrationStepDefinitions.enter_submit_button()&amp#27;[0m
  &amp#27;[32mThen &amp#27;[0m&amp#27;[32massert that error message is contains &amp#27;[0m&amp#27;[32m&amp#27;[1m"firstName"&amp#27;[0m   &amp#27;[90m# stepdefinitions.RegistrationStepDefinitions.assertThatErrorMessageIsContains(java.lang.String)&amp#27;[0m
  &amp#27;[32mAnd &amp#27;[0m&amp#27;[32mclose driver&amp#27;[0m                                         &amp#27;[90m# stepdefinitions.RegistrationStepDefinitions.closeDriver()&amp#27;[0m
  &amp#27;[32mAnd &amp#27;[0m&amp#27;[32massert that the user cannot created via API&amp#27;[0m          &amp#27;[90m# stepdefinitions.APIStepDefinitions.assertThatTheUserCannotCreatedViaAPI()&amp#27;[0m
]]></system-out>
    <system-err><![CDATA[Apr 24, 2025 5:11:12 AM org.openqa.selenium.devtools.CdpVersionFinder findNearestMatch
WARNING: Unable to find an exact match for CDP version 135, returning the closest version; found: 133; Please update to a Selenium version that supports CDP version 135
]]></system-err>
  </testcase>
  <testcase name="User cannot create account if lastname is empty" classname="Registration" time="7.673">
    <system-out><![CDATA[
@US001 @US001EmptyLastname
Scenario: User cannot create account if lastname is empty &amp#27;[90m# src/test/resources/features/US_001_Registration.feature:51&amp#27;[0m
  &amp#27;[32mGiven &amp#27;[0m&amp#27;[32muser goes to home page&amp#27;[0m                            &amp#27;[90m# stepdefinitions.RegistrationStepDefinitions.user_goes_to_home_page()&amp#27;[0m
  &amp#27;[32mWhen &amp#27;[0m&amp#27;[32muser clicks the sign up page&amp#27;[0m                       &amp#27;[90m# stepdefinitions.RegistrationStepDefinitions.user_clicks_the_sign_up_page()&amp#27;[0m
  &amp#27;[32mWhen &amp#27;[0m&amp#27;[32menter firstname &amp#27;[0m&amp#27;[32m&amp#27;[1m"John"&amp#27;[0m                             &amp#27;[90m# stepdefinitions.RegistrationStepDefinitions.enter_firstname(java.lang.String)&amp#27;[0m
  &amp#27;[32mAnd &amp#27;[0m&amp#27;[32menter lastname &amp#27;[0m&amp#27;[32m&amp#27;[1m""&amp#27;[0m                                   &amp#27;[90m# stepdefinitions.RegistrationStepDefinitions.enter_lastname(java.lang.String)&amp#27;[0m
  &amp#27;[32mAnd &amp#27;[0m&amp#27;[32menter email &amp#27;[0m&amp#27;[32m&amp#27;[1m"Faker"&amp#27;[0m                                 &amp#27;[90m# stepdefinitions.RegistrationStepDefinitions.enter_email(java.lang.String)&amp#27;[0m
  &amp#27;[32mAnd &amp#27;[0m&amp#27;[32menter password &amp#27;[0m&amp#27;[32m&amp#27;[1m"Pass_123!"&amp#27;[0m                          &amp#27;[90m# stepdefinitions.RegistrationStepDefinitions.enter_password(java.lang.String)&amp#27;[0m
  &amp#27;[32mAnd &amp#27;[0m&amp#27;[32menter submit button&amp#27;[0m                                 &amp#27;[90m# stepdefinitions.RegistrationStepDefinitions.enter_submit_button()&amp#27;[0m
  &amp#27;[32mThen &amp#27;[0m&amp#27;[32massert that error message is contains &amp#27;[0m&amp#27;[32m&amp#27;[1m"lastName"&amp#27;[0m   &amp#27;[90m# stepdefinitions.RegistrationStepDefinitions.assertThatErrorMessageIsContains(java.lang.String)&amp#27;[0m
  &amp#27;[32mAnd &amp#27;[0m&amp#27;[32mclose driver&amp#27;[0m                                        &amp#27;[90m# stepdefinitions.RegistrationStepDefinitions.closeDriver()&amp#27;[0m
  &amp#27;[32mAnd &amp#27;[0m&amp#27;[32massert that the user cannot created via API&amp#27;[0m         &amp#27;[90m# stepdefinitions.APIStepDefinitions.assertThatTheUserCannotCreatedViaAPI()&amp#27;[0m
]]></system-out>
    <system-err><![CDATA[Apr 24, 2025 5:11:20 AM org.openqa.selenium.devtools.CdpVersionFinder findNearestMatch
WARNING: Unable to find an exact match for CDP version 135, returning the closest version; found: 133; Please update to a Selenium version that supports CDP version 135
]]></system-err>
  </testcase>
  <testcase name="User cannot create account with email missing &apos;@&apos; symbol" classname="Registration" time="7.413">
    <system-out><![CDATA[
@US001 @US001EmailWithoutAt
Scenario: User cannot create account with email missing '@' symbol &amp#27;[90m# src/test/resources/features/US_001_Registration.feature:82&amp#27;[0m
  &amp#27;[32mGiven &amp#27;[0m&amp#27;[32muser goes to home page&amp#27;[0m                                     &amp#27;[90m# stepdefinitions.RegistrationStepDefinitions.user_goes_to_home_page()&amp#27;[0m
  &amp#27;[32mWhen &amp#27;[0m&amp#27;[32muser clicks the sign up page&amp#27;[0m                                &amp#27;[90m# stepdefinitions.RegistrationStepDefinitions.user_clicks_the_sign_up_page()&amp#27;[0m
  &amp#27;[32mWhen &amp#27;[0m&amp#27;[32menter firstname &amp#27;[0m&amp#27;[32m&amp#27;[1m"John"&amp#27;[0m                                      &amp#27;[90m# stepdefinitions.RegistrationStepDefinitions.enter_firstname(java.lang.String)&amp#27;[0m
  &amp#27;[32mAnd &amp#27;[0m&amp#27;[32menter lastname &amp#27;[0m&amp#27;[32m&amp#27;[1m"Doe"&amp#27;[0m                                         &amp#27;[90m# stepdefinitions.RegistrationStepDefinitions.enter_lastname(java.lang.String)&amp#27;[0m
  &amp#27;[32mAnd &amp#27;[0m&amp#27;[32menter email &amp#27;[0m&amp#27;[32m&amp#27;[1m"johndoeexample.com"&amp#27;[0m                             &amp#27;[90m# stepdefinitions.RegistrationStepDefinitions.enter_email(java.lang.String)&amp#27;[0m
  &amp#27;[32mAnd &amp#27;[0m&amp#27;[32menter password &amp#27;[0m&amp#27;[32m&amp#27;[1m"Pass_123!"&amp#27;[0m                                   &amp#27;[90m# stepdefinitions.RegistrationStepDefinitions.enter_password(java.lang.String)&amp#27;[0m
  &amp#27;[32mAnd &amp#27;[0m&amp#27;[32menter submit button&amp#27;[0m                                          &amp#27;[90m# stepdefinitions.RegistrationStepDefinitions.enter_submit_button()&amp#27;[0m
  &amp#27;[32mThen &amp#27;[0m&amp#27;[32massert that error message is contains &amp#27;[0m&amp#27;[32m&amp#27;[1m"Email is invalid"&amp#27;[0m    &amp#27;[90m# stepdefinitions.RegistrationStepDefinitions.assertThatErrorMessageIsContains(java.lang.String)&amp#27;[0m
  &amp#27;[32mAnd &amp#27;[0m&amp#27;[32mclose driver&amp#27;[0m                                                 &amp#27;[90m# stepdefinitions.RegistrationStepDefinitions.closeDriver()&amp#27;[0m
  &amp#27;[32mAnd &amp#27;[0m&amp#27;[32massert that the user cannot created via API&amp#27;[0m                  &amp#27;[90m# stepdefinitions.APIStepDefinitions.assertThatTheUserCannotCreatedViaAPI()&amp#27;[0m
]]></system-out>
    <system-err><![CDATA[Apr 24, 2025 5:11:27 AM org.openqa.selenium.devtools.CdpVersionFinder findNearestMatch
WARNING: Unable to find an exact match for CDP version 135, returning the closest version; found: 133; Please update to a Selenium version that supports CDP version 135
]]></system-err>
  </testcase>
  <testcase name="User cannot create account with email missing domain" classname="Registration" time="32.274">
    <system-out><![CDATA[
@US001 @US001EmailWithoutDomain
Scenario: User cannot create account with email missing domain  &amp#27;[90m# src/test/resources/features/US_001_Registration.feature:93&amp#27;[0m
  &amp#27;[32mGiven &amp#27;[0m&amp#27;[32muser goes to home page&amp#27;[0m                                  &amp#27;[90m# stepdefinitions.RegistrationStepDefinitions.user_goes_to_home_page()&amp#27;[0m
  &amp#27;[32mWhen &amp#27;[0m&amp#27;[32muser clicks the sign up page&amp#27;[0m                             &amp#27;[90m# stepdefinitions.RegistrationStepDefinitions.user_clicks_the_sign_up_page()&amp#27;[0m
  &amp#27;[32mWhen &amp#27;[0m&amp#27;[32menter firstname &amp#27;[0m&amp#27;[32m&amp#27;[1m"John"&amp#27;[0m                                   &amp#27;[90m# stepdefinitions.RegistrationStepDefinitions.enter_firstname(java.lang.String)&amp#27;[0m
  &amp#27;[32mAnd &amp#27;[0m&amp#27;[32menter lastname &amp#27;[0m&amp#27;[32m&amp#27;[1m"Doe"&amp#27;[0m                                      &amp#27;[90m# stepdefinitions.RegistrationStepDefinitions.enter_lastname(java.lang.String)&amp#27;[0m
  &amp#27;[32mAnd &amp#27;[0m&amp#27;[32menter email &amp#27;[0m&amp#27;[32m&amp#27;[1m"john@"&amp#27;[0m                                       &amp#27;[90m# stepdefinitions.RegistrationStepDefinitions.enter_email(java.lang.String)&amp#27;[0m
  &amp#27;[32mAnd &amp#27;[0m&amp#27;[32menter password &amp#27;[0m&amp#27;[32m&amp#27;[1m"Pass_123!"&amp#27;[0m                                &amp#27;[90m# stepdefinitions.RegistrationStepDefinitions.enter_password(java.lang.String)&amp#27;[0m
  &amp#27;[32mAnd &amp#27;[0m&amp#27;[32menter submit button&amp#27;[0m                                       &amp#27;[90m# stepdefinitions.RegistrationStepDefinitions.enter_submit_button()&amp#27;[0m
  &amp#27;[32mThen &amp#27;[0m&amp#27;[32massert that error message is contains &amp#27;[0m&amp#27;[32m&amp#27;[1m"Email is invalid"&amp#27;[0m &amp#27;[90m# stepdefinitions.RegistrationStepDefinitions.assertThatErrorMessageIsContains(java.lang.String)&amp#27;[0m
  &amp#27;[32mAnd &amp#27;[0m&amp#27;[32mclose driver&amp#27;[0m                                              &amp#27;[90m# stepdefinitions.RegistrationStepDefinitions.closeDriver()&amp#27;[0m
  &amp#27;[32mAnd &amp#27;[0m&amp#27;[32massert that the user cannot created via API&amp#27;[0m               &amp#27;[90m# stepdefinitions.APIStepDefinitions.assertThatTheUserCannotCreatedViaAPI()&amp#27;[0m
]]></system-out>
    <system-err><![CDATA[Apr 24, 2025 5:11:35 AM org.openqa.selenium.devtools.CdpVersionFinder findNearestMatch
WARNING: Unable to find an exact match for CDP version 135, returning the closest version; found: 133; Please update to a Selenium version that supports CDP version 135
]]></system-err>
  </testcase>
  <testcase name="User cannot create account if email is empty" classname="Registration" time="15.94">
    <system-out><![CDATA[
@US001 @US001EmptyEmail
Scenario: User cannot create account if email is empty          &amp#27;[90m# src/test/resources/features/US_001_Registration.feature:104&amp#27;[0m
  &amp#27;[32mGiven &amp#27;[0m&amp#27;[32muser goes to home page&amp#27;[0m                                  &amp#27;[90m# stepdefinitions.RegistrationStepDefinitions.user_goes_to_home_page()&amp#27;[0m
  &amp#27;[32mWhen &amp#27;[0m&amp#27;[32muser clicks the sign up page&amp#27;[0m                             &amp#27;[90m# stepdefinitions.RegistrationStepDefinitions.user_clicks_the_sign_up_page()&amp#27;[0m
  &amp#27;[32mWhen &amp#27;[0m&amp#27;[32menter firstname &amp#27;[0m&amp#27;[32m&amp#27;[1m"John"&amp#27;[0m                                   &amp#27;[90m# stepdefinitions.RegistrationStepDefinitions.enter_firstname(java.lang.String)&amp#27;[0m
  &amp#27;[32mAnd &amp#27;[0m&amp#27;[32menter lastname &amp#27;[0m&amp#27;[32m&amp#27;[1m"Doe"&amp#27;[0m                                      &amp#27;[90m# stepdefinitions.RegistrationStepDefinitions.enter_lastname(java.lang.String)&amp#27;[0m
  &amp#27;[32mAnd &amp#27;[0m&amp#27;[32menter email &amp#27;[0m&amp#27;[32m&amp#27;[1m""&amp#27;[0m                                            &amp#27;[90m# stepdefinitions.RegistrationStepDefinitions.enter_email(java.lang.String)&amp#27;[0m
  &amp#27;[32mAnd &amp#27;[0m&amp#27;[32menter password &amp#27;[0m&amp#27;[32m&amp#27;[1m"Pass_123!"&amp#27;[0m                                &amp#27;[90m# stepdefinitions.RegistrationStepDefinitions.enter_password(java.lang.String)&amp#27;[0m
  &amp#27;[32mAnd &amp#27;[0m&amp#27;[32menter submit button&amp#27;[0m                                       &amp#27;[90m# stepdefinitions.RegistrationStepDefinitions.enter_submit_button()&amp#27;[0m
  &amp#27;[32mThen &amp#27;[0m&amp#27;[32massert that error message is contains &amp#27;[0m&amp#27;[32m&amp#27;[1m"Email is invalid"&amp#27;[0m &amp#27;[90m# stepdefinitions.RegistrationStepDefinitions.assertThatErrorMessageIsContains(java.lang.String)&amp#27;[0m
  &amp#27;[32mAnd &amp#27;[0m&amp#27;[32mclose driver&amp#27;[0m                                              &amp#27;[90m# stepdefinitions.RegistrationStepDefinitions.closeDriver()&amp#27;[0m
  &amp#27;[32mAnd &amp#27;[0m&amp#27;[32massert that the user cannot created via API&amp#27;[0m               &amp#27;[90m# stepdefinitions.APIStepDefinitions.assertThatTheUserCannotCreatedViaAPI()&amp#27;[0m
]]></system-out>
    <system-err><![CDATA[Apr 24, 2025 5:12:15 AM org.openqa.selenium.devtools.CdpVersionFinder findNearestMatch
WARNING: Unable to find an exact match for CDP version 135, returning the closest version; found: 133; Please update to a Selenium version that supports CDP version 135
]]></system-err>
  </testcase>
  <testcase name="User cannot create account if password is less than 7 characters" classname="Registration" time="8.832">
    <system-out><![CDATA[
@US001 @US001PasswordLessThan7
Scenario: User cannot create account if password is less than 7 characters                 &amp#27;[90m# src/test/resources/features/US_001_Registration.feature:115&amp#27;[0m
  &amp#27;[32mGiven &amp#27;[0m&amp#27;[32muser goes to home page&amp#27;[0m                                                             &amp#27;[90m# stepdefinitions.RegistrationStepDefinitions.user_goes_to_home_page()&amp#27;[0m
  &amp#27;[32mWhen &amp#27;[0m&amp#27;[32muser clicks the sign up page&amp#27;[0m                                                        &amp#27;[90m# stepdefinitions.RegistrationStepDefinitions.user_clicks_the_sign_up_page()&amp#27;[0m
  &amp#27;[32mWhen &amp#27;[0m&amp#27;[32menter firstname &amp#27;[0m&amp#27;[32m&amp#27;[1m"John"&amp#27;[0m                                                              &amp#27;[90m# stepdefinitions.RegistrationStepDefinitions.enter_firstname(java.lang.String)&amp#27;[0m
  &amp#27;[32mAnd &amp#27;[0m&amp#27;[32menter lastname &amp#27;[0m&amp#27;[32m&amp#27;[1m"Doe"&amp#27;[0m                                                                 &amp#27;[90m# stepdefinitions.RegistrationStepDefinitions.enter_lastname(java.lang.String)&amp#27;[0m
  &amp#27;[32mAnd &amp#27;[0m&amp#27;[32menter email &amp#27;[0m&amp#27;[32m&amp#27;[1m"john.doe@example.com"&amp#27;[0m                                                   &amp#27;[90m# stepdefinitions.RegistrationStepDefinitions.enter_email(java.lang.String)&amp#27;[0m
  &amp#27;[32mAnd &amp#27;[0m&amp#27;[32menter password &amp#27;[0m&amp#27;[32m&amp#27;[1m"P1@a"&amp#27;[0m                                                                &amp#27;[90m# stepdefinitions.RegistrationStepDefinitions.enter_password(java.lang.String)&amp#27;[0m
  &amp#27;[32mAnd &amp#27;[0m&amp#27;[32menter submit button&amp#27;[0m                                                                  &amp#27;[90m# stepdefinitions.RegistrationStepDefinitions.enter_submit_button()&amp#27;[0m
  &amp#27;[32mThen &amp#27;[0m&amp#27;[32massert that error message is contains &amp#27;[0m&amp#27;[32m&amp#27;[1m"shorter than the minimum allowed length (7)"&amp#27;[0m &amp#27;[90m# stepdefinitions.RegistrationStepDefinitions.assertThatErrorMessageIsContains(java.lang.String)&amp#27;[0m
  &amp#27;[32mAnd &amp#27;[0m&amp#27;[32mclose driver&amp#27;[0m                                                                         &amp#27;[90m# stepdefinitions.RegistrationStepDefinitions.closeDriver()&amp#27;[0m
  &amp#27;[32mAnd &amp#27;[0m&amp#27;[32massert that the user cannot created via API&amp#27;[0m                                          &amp#27;[90m# stepdefinitions.APIStepDefinitions.assertThatTheUserCannotCreatedViaAPI()&amp#27;[0m
]]></system-out>
    <system-err><![CDATA[Apr 24, 2025 5:12:24 AM org.openqa.selenium.devtools.CdpVersionFinder findNearestMatch
WARNING: Unable to find an exact match for CDP version 135, returning the closest version; found: 133; Please update to a Selenium version that supports CDP version 135
]]></system-err>
  </testcase>
</testsuite>